TN:
SF:app\controllers\ApplicationController.js
FN:4,<instance_members_initializer>
FN:4,handleGetRoot
FN:11,handleNotFound
FN:23,handleError
FN:33,getOffsetFromRequest
FN:39,buildPaginationObject
FNF:6
FNH:6
FNDA:5,<instance_members_initializer>
FNDA:1,handleGetRoot
FNDA:1,handleNotFound
FNDA:1,handleError
FNDA:1,getOffsetFromRequest
FNDA:1,buildPaginationObject
DA:1,1
DA:2,1
DA:3,1
DA:4,1
DA:5,1
DA:6,1
DA:7,1
DA:8,1
DA:9,1
DA:10,5
DA:11,5
DA:12,1
DA:13,1
DA:14,1
DA:15,1
DA:16,1
DA:17,1
DA:18,1
DA:19,1
DA:20,1
DA:21,1
DA:22,5
DA:23,5
DA:24,1
DA:25,1
DA:26,1
DA:27,1
DA:28,1
DA:29,1
DA:30,1
DA:31,1
DA:32,1
DA:33,1
DA:34,1
DA:35,1
DA:36,1
DA:37,1
DA:38,1
DA:39,1
DA:40,1
DA:41,1
DA:42,1
DA:43,1
DA:44,1
DA:45,1
DA:46,1
DA:47,1
DA:48,1
DA:49,1
DA:50,1
DA:51,1
LF:51
LH:51
BRDA:4,0,0,5
BRDA:4,1,0,1
BRDA:11,2,0,1
BRDA:23,3,0,1
BRDA:33,4,0,1
BRDA:39,5,0,1
BRF:6
BRH:6
end_of_record
TN:
SF:app\errors\ApplicationError.js
FN:2,get details
FN:6,toJSON
FNF:2
FNH:0
FNDA:0,get details
FNDA:0,toJSON
DA:1,1
DA:2,1
DA:3,0
DA:4,0
DA:5,1
DA:6,1
DA:7,0
DA:8,0
DA:9,0
DA:10,0
DA:11,0
DA:12,0
DA:13,0
DA:14,0
DA:15,1
DA:16,1
DA:17,1
LF:17
LH:7
BRF:0
BRH:0
end_of_record
TN:
SF:app\errors\CarAlreadyRentedError.js
FN:4,CarAlreadyRentedError
FN:8,get details
FNF:2
FNH:0
FNDA:0,CarAlreadyRentedError
FNDA:0,get details
DA:1,1
DA:2,1
DA:3,1
DA:4,1
DA:5,0
DA:6,0
DA:7,1
DA:8,1
DA:9,0
DA:10,0
DA:11,1
DA:12,1
DA:13,1
LF:13
LH:9
BRF:0
BRH:0
end_of_record
TN:
SF:app\errors\EmailNotRegisteredError.js
FN:4,EmailNotRegisteredError
FN:9,get details
FNF:2
FNH:0
FNDA:0,EmailNotRegisteredError
FNDA:0,get details
DA:1,1
DA:2,1
DA:3,1
DA:4,1
DA:5,0
DA:6,0
DA:7,0
DA:8,1
DA:9,1
DA:10,0
DA:11,0
DA:12,1
DA:13,1
DA:14,1
LF:14
LH:9
BRF:0
BRH:0
end_of_record
TN:
SF:app\errors\InsufficientAccessError.js
FN:4,InsufficientAccessError
FN:9,get details
FNF:2
FNH:0
FNDA:0,InsufficientAccessError
FNDA:0,get details
DA:1,1
DA:2,1
DA:3,1
DA:4,1
DA:5,0
DA:6,0
DA:7,0
DA:8,1
DA:9,1
DA:10,0
DA:11,0
DA:12,0
DA:13,0
DA:14,0
DA:15,1
DA:16,1
DA:17,1
LF:17
LH:9
BRF:0
BRH:0
end_of_record
TN:
SF:app\errors\NotFoundError.js
FN:4,NotFoundError
FN:10,get details
FNF:2
FNH:2
FNDA:2,NotFoundError
FNDA:2,get details
DA:1,1
DA:2,1
DA:3,1
DA:4,1
DA:5,2
DA:6,2
DA:7,2
DA:8,2
DA:9,1
DA:10,1
DA:11,2
DA:12,2
DA:13,2
DA:14,2
DA:15,2
DA:16,1
DA:17,1
DA:18,1
LF:18
LH:18
BRDA:4,0,0,2
BRDA:10,1,0,2
BRF:2
BRH:2
end_of_record
TN:
SF:app\errors\WrongPasswordError.js
FN:4,WrongPasswordError
FNF:1
FNH:0
FNDA:0,WrongPasswordError
DA:1,1
DA:2,1
DA:3,1
DA:4,1
DA:5,0
DA:6,0
DA:7,1
DA:8,1
DA:9,1
LF:9
LH:7
BRF:0
BRH:0
end_of_record
TN:
SF:app\errors\index.js
FNF:0
FNH:0
DA:1,1
DA:2,1
DA:3,1
DA:4,1
DA:5,1
DA:6,1
DA:7,1
DA:8,1
DA:9,1
DA:10,1
DA:11,1
DA:12,1
DA:13,1
LF:13
LH:13
BRF:0
BRH:0
end_of_record
